[+] Containers:
 |- [+] Container: /Game/ThirdPerson/Maps/ThirdPersonMap
 |   |- [+] ActorDescs:
 |   |   |- Guid:1388A8444BB827EE44000CBF6A07F103 BaseClass: NativeClass:/Script/Engine.StaticMeshActor Name:StaticMeshActor_UAID_18C04D98DC58958A02_1451863473 Label:Cube4 SpatiallyLoaded:1 Bounds:IsValid=true, Min=(X=-431.780 Y=-3195.906 Z=-8.329), Max=(X=4611.353 Y=6107.509 Z=-1.167) RuntimeGrid:None EditorOnly:0 RuntimeOnly:0 HLODRelevant:0 ListedInSceneOutliner:1 IsMainWorldOnly:0 FolderPath:BG FolderGuid:80A1B6494AD445A072C8FD98A3F7A0DF
 |   |   |- Guid:169AE4C3435C3B4EC9392A89709FD10F BaseClass: NativeClass:/Script/CinematicCamera.CineCameraActor Name:CineCameraActor_UAID_18C04D98DC58AB8A02_1901245321 Label:Heart Drawing SpatiallyLoaded:0 Bounds:IsValid=true, Min=(X=510.883 Y=1944.995 Z=299.618), Max=(X=510.883 Y=1944.995 Z=299.618) RuntimeGrid:None EditorOnly:0 RuntimeOnly:0 HLODRelevant:0 ListedInSceneOutliner:1 IsMainWorldOnly:0 FolderPath:Cameras FolderGuid:C06559AB4DDB9F89DC13FC998B42D5DB
 |   |   |- Guid:2FB58999456391D349DC0F86DAC136ED BaseClass: NativeClass:/Script/Engine.SkyLight Name:SkyLight_1 Label:SkyLight SpatiallyLoaded:0 Bounds:IsValid=true, Min=(X=0.000 Y=0.000 Z=690.000), Max=(X=0.000 Y=0.000 Z=690.000) RuntimeGrid:None EditorOnly:0 RuntimeOnly:0 HLODRelevant:0 ListedInSceneOutliner:1 IsMainWorldOnly:0 FolderPath:Lighting FolderGuid:963EC3EB4002CCE9759E2EBA541A873A
 |   |   |- Guid:2FEA6E82477625816009B1AC86315B48 BaseClass: NativeClass:/Script/Engine.StaticMeshActor Name:StaticMeshActor_UAID_18C04D98DC58958A02_1971864476 Label:Cube6 SpatiallyLoaded:1 Bounds:IsValid=true, Min=(X=1021.447 Y=-3044.198 Z=-2321.871), Max=(X=1028.609 Y=5955.802 Z=2721.262) RuntimeGrid:None EditorOnly:0 RuntimeOnly:0 HLODRelevant:0 ListedInSceneOutliner:1 IsMainWorldOnly:0 FolderPath:BG FolderGuid:80A1B6494AD445A072C8FD98A3F7A0DF
 |   |   |- Guid:3A00AA1C422CE54C0BDB60BAF471BFBB BaseClass: NativeClass:/Script/Engine.PlayerStart Name:PlayerStart_0 Label:PlayerStart SpatiallyLoaded:0 Bounds:IsValid=true, Min=(X=860.000 Y=1070.000 Z=0.013), Max=(X=940.000 Y=1150.000 Z=184.013) RuntimeGrid:None EditorOnly:0 RuntimeOnly:0 HLODRelevant:0 ListedInSceneOutliner:1 IsMainWorldOnly:0 FolderPath:Lighting FolderGuid:963EC3EB4002CCE9759E2EBA541A873A
 |   |   |- Guid:4690A2C44ABCB0F89D966F8688DAAB46 BaseClass: NativeClass:/Script/Engine.ExponentialHeightFog Name:ExponentialHeightFog_UAID_18C04D98DC58948A02_1787176293 Label:ExponentialHeightFog SpatiallyLoaded:0 Bounds:IsValid=true, Min=(X=637.340 Y=1975.003 Z=132.067), Max=(X=637.340 Y=1975.003 Z=132.067) RuntimeGrid:None EditorOnly:0 RuntimeOnly:0 HLODRelevant:0 ListedInSceneOutliner:1 IsMainWorldOnly:0 FolderPath:Lighting FolderGuid:963EC3EB4002CCE9759E2EBA541A873A
 |   |   |- Guid:484A74324926A1664695C892904AA7D3 BaseClass: NativeClass:/Script/CinematicCamera.CineCameraActor Name:CineCameraActor_UAID_18C04D98DC58AC8A02_1472506501 Label:Overall Camera2 SpatiallyLoaded:0 Bounds:IsValid=true, Min=(X=182.597 Y=2314.673 Z=355.315), Max=(X=200.986 Y=2320.322 Z=378.723) RuntimeGrid:None EditorOnly:0 RuntimeOnly:0 HLODRelevant:0 ListedInSceneOutliner:1 IsMainWorldOnly:0 FolderPath:Cameras FolderGuid:C06559AB4DDB9F89DC13FC998B42D5DB
 |   |   |- Guid:6385F3D342B1050A40926B8F541E7E15 BaseClass: NativeClass:/Script/Engine.StaticMeshActor Name:StaticMeshActor_UAID_18C04D98DC58958A02_1420400472 Label:Cube3 SpatiallyLoaded:1 Bounds:IsValid=true, Min=(X=-1866.803 Y=1198.024 Z=341.065), Max=(X=3176.331 Y=1506.005 Z=451.609) RuntimeGrid:None EditorOnly:0 RuntimeOnly:0 HLODRelevant:0 ListedInSceneOutliner:1 IsMainWorldOnly:0 FolderPath:BG FolderGuid:80A1B6494AD445A072C8FD98A3F7A0DF
 |   |   |- Guid:6AD7B5EE4BCD968C76A6ACBEEA115099 BaseClass: NativeClass:/Script/LevelSequence.LevelSequenceActor Name:LevelSequenceActor_UAID_18C04D98DC58AA8A02_1684731143 Label:LS_Kitchen SpatiallyLoaded:0 Bounds:IsValid=true, Min=(X=505.023 Y=2073.636 Z=168.023), Max=(X=505.023 Y=2073.636 Z=168.023) RuntimeGrid:None EditorOnly:0 RuntimeOnly:0 HLODRelevant:0 ListedInSceneOutliner:1 IsMainWorldOnly:0 FolderPath:Video FolderGuid:EBFE10F04210CFA66A3C4EA84622414E
 |   |   |- Guid:6BAF4DDD444C60371492D3919DB42C97 BaseClass: NativeClass:/Script/Engine.WorldDataLayers Name:WorldDataLayers Label:WorldDataLayers SpatiallyLoaded:0 Bounds:Invalid RuntimeGrid:None EditorOnly:0 RuntimeOnly:0 HLODRelevant:0 ListedInSceneOutliner:1 IsMainWorldOnly:1 FolderPath:Lighting FolderGuid:963EC3EB4002CCE9759E2EBA541A873A
 |   |   |- Guid:781ADEDA4A0046D2517FA7ABFB87D7F5 BaseClass: NativeClass:/Script/CinematicCamera.CineCameraActor Name:CineCameraActor_UAID_18C04D98DC58AB8A02_2105899322 Label:Shelves SpatiallyLoaded:0 Bounds:IsValid=true, Min=(X=744.715 Y=2361.386 Z=285.053), Max=(X=744.715 Y=2361.386 Z=285.053) RuntimeGrid:None EditorOnly:0 RuntimeOnly:0 HLODRelevant:0 ListedInSceneOutliner:1 IsMainWorldOnly:0 FolderPath:Cameras FolderGuid:C06559AB4DDB9F89DC13FC998B42D5DB
 |   |   |- Guid:7A5F75214078E32EAEAFB5BE8F2DBAE5 BaseClass: NativeClass:/Script/CinematicCamera.CineCameraActor Name:CineCameraActor_UAID_18C04D98DC58AC8A02_1332108500 Label:Sink SpatiallyLoaded:0 Bounds:IsValid=true, Min=(X=713.825 Y=2034.221 Z=327.961), Max=(X=713.825 Y=2034.221 Z=327.961) RuntimeGrid:None EditorOnly:0 RuntimeOnly:0 HLODRelevant:0 ListedInSceneOutliner:1 IsMainWorldOnly:0 FolderPath:Cameras FolderGuid:C06559AB4DDB9F89DC13FC998B42D5DB
 |   |   |- Guid:8395AA964EE68A3DFE8D75A0512BFDFA BaseClass: NativeClass:/Script/CinematicCamera.CineCameraActor Name:CineCameraActor_UAID_18C04D98DC58AC8A02_1848033504 Label:Shelves3 SpatiallyLoaded:0 Bounds:IsValid=true, Min=(X=697.381 Y=2307.305 Z=300.616), Max=(X=697.381 Y=2307.305 Z=300.616) RuntimeGrid:None EditorOnly:0 RuntimeOnly:0 HLODRelevant:0 ListedInSceneOutliner:1 IsMainWorldOnly:0 FolderPath:Cameras FolderGuid:C06559AB4DDB9F89DC13FC998B42D5DB
 |   |   |- Guid:88D246CF4FE80956C52661AD1A166BEF BaseClass: NativeClass:/Script/CinematicCamera.CineCameraActor Name:CineCameraActor_UAID_18C04D98DC58928A02_2146021933 Label:Overall Camera SpatiallyLoaded:0 Bounds:IsValid=true, Min=(X=-368.435 Y=2770.363 Z=511.748), Max=(X=-368.435 Y=2770.363 Z=511.748) RuntimeGrid:None EditorOnly:0 RuntimeOnly:0 HLODRelevant:0 ListedInSceneOutliner:1 IsMainWorldOnly:0 FolderPath:Cameras FolderGuid:C06559AB4DDB9F89DC13FC998B42D5DB
 |   |   |- Guid:992228D44E34251BA3B812A5634D1B13 BaseClass: NativeClass:/Script/CinematicCamera.CineCameraActor Name:CineCameraActor_UAID_18C04D98DC58AB8A02_1753698320 Label:Plant Camera SpatiallyLoaded:0 Bounds:IsValid=true, Min=(X=718.012 Y=2063.003 Z=330.396), Max=(X=718.012 Y=2063.003 Z=330.396) RuntimeGrid:None EditorOnly:0 RuntimeOnly:0 HLODRelevant:0 ListedInSceneOutliner:1 IsMainWorldOnly:0 FolderPath:Cameras FolderGuid:C06559AB4DDB9F89DC13FC998B42D5DB
 |   |   |- Guid:AA146AB04E7A78CFE651AAA373EFC076 BaseClass: NativeClass:/Script/CinematicCamera.CineCameraActor Name:CineCameraActor_UAID_18C04D98DC58AC8A02_1195695499 Label:Plant Camera2 SpatiallyLoaded:0 Bounds:IsValid=true, Min=(X=818.974 Y=2036.387 Z=313.491), Max=(X=818.974 Y=2036.387 Z=313.491) RuntimeGrid:None EditorOnly:0 RuntimeOnly:0 HLODRelevant:0 ListedInSceneOutliner:1 IsMainWorldOnly:0 FolderPath:Cameras FolderGuid:C06559AB4DDB9F89DC13FC998B42D5DB
 |   |   |- Guid:ABF89FD64E69015196CC2698405D0CF1 BaseClass: NativeClass:/Script/Engine.StaticMeshActor Name:StaticMeshActor_UAID_18C04D98DC58958A02_1566940474 Label:Cube5 SpatiallyLoaded:1 Bounds:IsValid=true, Min=(X=2631.293 Y=-3212.396 Z=-8.329), Max=(X=7674.426 Y=6091.019 Z=-1.167) RuntimeGrid:None EditorOnly:0 RuntimeOnly:0 HLODRelevant:0 ListedInSceneOutliner:1 IsMainWorldOnly:0 FolderPath:BG FolderGuid:80A1B6494AD445A072C8FD98A3F7A0DF
 |   |   |- Guid:B785ED2844B84CFB91E7F39FE661CD99 BaseClass: NativeClass:/Script/Engine.DirectionalLight Name:DirectionalLight_0 Label:DirectionalLight SpatiallyLoaded:0 Bounds:Invalid RuntimeGrid:None EditorOnly:0 RuntimeOnly:0 HLODRelevant:0 ListedInSceneOutliner:1 IsMainWorldOnly:0 FolderPath:Lighting FolderGuid:963EC3EB4002CCE9759E2EBA541A873A
 |   |   |- Guid:B90981584A5E225BBB490BAB8C0301D1 BaseClass:/Game/BP_Kitchen.BP_Kitchen_C NativeClass:/Script/Engine.Actor Name:Kitchen_air_frayer_Blueprint_C_UAID_18C04D98DC58E28A02_1361856999 Label:BP_Kitchen SpatiallyLoaded:1 Bounds:IsValid=true, Min=(X=429.458 Y=1569.356 Z=-4.289), Max=(X=1020.145 Y=2399.392 Z=362.907) RuntimeGrid:None EditorOnly:0 RuntimeOnly:0 HLODRelevant:0 ListedInSceneOutliner:1 IsMainWorldOnly:0
 |   |   |- Guid:BE87C19E45D4151643F20AB83E0E4E86 BaseClass: NativeClass:/Script/AvalancheViewport.AvaViewportDataActor Name:AvaViewportDataActor_UAID_18C04D98DC58D78A02_1453982063 Label:AvaViewportDataActor SpatiallyLoaded:1 Bounds:Invalid RuntimeGrid:None EditorOnly:0 RuntimeOnly:0 HLODRelevant:0 ListedInSceneOutliner:0 IsMainWorldOnly:0
 |   |   |- Guid:CCFF262C46EEFFDF319E7F9539CE697E BaseClass: NativeClass:/Script/Engine.SkyAtmosphere Name:SkyAtmosphere_0 Label:SkyAtmosphere SpatiallyLoaded:0 Bounds:IsValid=true, Min=(X=0.000 Y=0.000 Z=1020.000), Max=(X=0.000 Y=0.000 Z=1020.000) RuntimeGrid:None EditorOnly:0 RuntimeOnly:0 HLODRelevant:0 ListedInSceneOutliner:1 IsMainWorldOnly:0 FolderPath:Lighting FolderGuid:963EC3EB4002CCE9759E2EBA541A873A
 |   |   |- Guid:CFDF18324400D8BA2CBE6591F1EE4C21 BaseClass: NativeClass:/Script/CinematicCamera.CineCameraActor Name:CineCameraActor_UAID_18C04D98DC58AC8A02_1601258502 Label:Drawings SpatiallyLoaded:0 Bounds:IsValid=true, Min=(X=833.195 Y=1823.697 Z=196.312), Max=(X=833.195 Y=1823.697 Z=196.312) RuntimeGrid:None EditorOnly:0 RuntimeOnly:0 HLODRelevant:0 ListedInSceneOutliner:1 IsMainWorldOnly:0 FolderPath:Cameras FolderGuid:C06559AB4DDB9F89DC13FC998B42D5DB
 |   |   |- Guid:E722E93B4CA9A1BBBD9698A38DFA619C BaseClass: NativeClass:/Script/CinematicCamera.CineCameraActor Name:CineCameraActor_UAID_18C04D98DC58AC8A02_1810160503 Label:Shelves2 SpatiallyLoaded:0 Bounds:IsValid=true, Min=(X=709.844 Y=2497.170 Z=297.915), Max=(X=709.844 Y=2497.170 Z=297.915) RuntimeGrid:None EditorOnly:0 RuntimeOnly:0 HLODRelevant:0 ListedInSceneOutliner:1 IsMainWorldOnly:0 FolderPath:Cameras FolderGuid:C06559AB4DDB9F89DC13FC998B42D5DB
 |   |   |- Guid:ED2704F540DB077C07169A8B8FB771C8 BaseClass: NativeClass:/Script/Engine.SpotLight Name:SpotLight_UAID_18C04D98DC58948A02_1949138294 Label:SpotLight2 SpatiallyLoaded:1 Bounds:IsValid=true, Min=(X=-7568.739 Y=314.281 Z=-11236.957), Max=(X=8927.517 Y=16810.537 Z=5259.299) RuntimeGrid:None EditorOnly:0 RuntimeOnly:0 HLODRelevant:0 ListedInSceneOutliner:1 IsMainWorldOnly:0 FolderPath:Lighting FolderGuid:963EC3EB4002CCE9759E2EBA541A873A
 |   |   |- Guid:F5E3FEB3450C49844FD93DA8E083C8AD BaseClass: NativeClass:/Script/Engine.PostProcessVolume Name:PostProcessVolume_0 Label:PostProcessVolume SpatiallyLoaded:0 Bounds:IsValid=true, Min=(X=0.000 Y=0.000 Z=400.000), Max=(X=200.000 Y=200.000 Z=600.000) RuntimeGrid:None EditorOnly:0 RuntimeOnly:0 HLODRelevant:0 ListedInSceneOutliner:1 IsMainWorldOnly:0 FolderPath:Lighting FolderGuid:963EC3EB4002CCE9759E2EBA541A873A
 |   |- [+] Clusters:
 |   |   |- [+] [  0]
 |   |   |   |- Guid:1388A8444BB827EE44000CBF6A07F103 BaseClass: NativeClass:/Script/Engine.StaticMeshActor Name:StaticMeshActor_UAID_18C04D98DC58958A02_1451863473 Label:Cube4 SpatiallyLoaded:1 Bounds:IsValid=true, Min=(X=-431.780 Y=-3195.906 Z=-8.329), Max=(X=4611.353 Y=6107.509 Z=-1.167) RuntimeGrid:None EditorOnly:0 RuntimeOnly:0 HLODRelevant:0 ListedInSceneOutliner:1 IsMainWorldOnly:0 FolderPath:BG FolderGuid:80A1B6494AD445A072C8FD98A3F7A0DF
 |   |   |- [+] [  1]
 |   |   |   |- Guid:169AE4C3435C3B4EC9392A89709FD10F BaseClass: NativeClass:/Script/CinematicCamera.CineCameraActor Name:CineCameraActor_UAID_18C04D98DC58AB8A02_1901245321 Label:Heart Drawing SpatiallyLoaded:0 Bounds:IsValid=true, Min=(X=510.883 Y=1944.995 Z=299.618), Max=(X=510.883 Y=1944.995 Z=299.618) RuntimeGrid:None EditorOnly:0 RuntimeOnly:0 HLODRelevant:0 ListedInSceneOutliner:1 IsMainWorldOnly:0 FolderPath:Cameras FolderGuid:C06559AB4DDB9F89DC13FC998B42D5DB
 |   |   |- [+] [  2]
 |   |   |   |- Guid:2FB58999456391D349DC0F86DAC136ED BaseClass: NativeClass:/Script/Engine.SkyLight Name:SkyLight_1 Label:SkyLight SpatiallyLoaded:0 Bounds:IsValid=true, Min=(X=0.000 Y=0.000 Z=690.000), Max=(X=0.000 Y=0.000 Z=690.000) RuntimeGrid:None EditorOnly:0 RuntimeOnly:0 HLODRelevant:0 ListedInSceneOutliner:1 IsMainWorldOnly:0 FolderPath:Lighting FolderGuid:963EC3EB4002CCE9759E2EBA541A873A
 |   |   |- [+] [  3]
 |   |   |   |- Guid:2FEA6E82477625816009B1AC86315B48 BaseClass: NativeClass:/Script/Engine.StaticMeshActor Name:StaticMeshActor_UAID_18C04D98DC58958A02_1971864476 Label:Cube6 SpatiallyLoaded:1 Bounds:IsValid=true, Min=(X=1021.447 Y=-3044.198 Z=-2321.871), Max=(X=1028.609 Y=5955.802 Z=2721.262) RuntimeGrid:None EditorOnly:0 RuntimeOnly:0 HLODRelevant:0 ListedInSceneOutliner:1 IsMainWorldOnly:0 FolderPath:BG FolderGuid:80A1B6494AD445A072C8FD98A3F7A0DF
 |   |   |- [+] [  4]
 |   |   |   |- Guid:3A00AA1C422CE54C0BDB60BAF471BFBB BaseClass: NativeClass:/Script/Engine.PlayerStart Name:PlayerStart_0 Label:PlayerStart SpatiallyLoaded:0 Bounds:IsValid=true, Min=(X=860.000 Y=1070.000 Z=0.013), Max=(X=940.000 Y=1150.000 Z=184.013) RuntimeGrid:None EditorOnly:0 RuntimeOnly:0 HLODRelevant:0 ListedInSceneOutliner:1 IsMainWorldOnly:0 FolderPath:Lighting FolderGuid:963EC3EB4002CCE9759E2EBA541A873A
 |   |   |- [+] [  5]
 |   |   |   |- Guid:4690A2C44ABCB0F89D966F8688DAAB46 BaseClass: NativeClass:/Script/Engine.ExponentialHeightFog Name:ExponentialHeightFog_UAID_18C04D98DC58948A02_1787176293 Label:ExponentialHeightFog SpatiallyLoaded:0 Bounds:IsValid=true, Min=(X=637.340 Y=1975.003 Z=132.067), Max=(X=637.340 Y=1975.003 Z=132.067) RuntimeGrid:None EditorOnly:0 RuntimeOnly:0 HLODRelevant:0 ListedInSceneOutliner:1 IsMainWorldOnly:0 FolderPath:Lighting FolderGuid:963EC3EB4002CCE9759E2EBA541A873A
 |   |   |- [+] [  6]
 |   |   |   |- Guid:484A74324926A1664695C892904AA7D3 BaseClass: NativeClass:/Script/CinematicCamera.CineCameraActor Name:CineCameraActor_UAID_18C04D98DC58AC8A02_1472506501 Label:Overall Camera2 SpatiallyLoaded:0 Bounds:IsValid=true, Min=(X=182.597 Y=2314.673 Z=355.315), Max=(X=200.986 Y=2320.322 Z=378.723) RuntimeGrid:None EditorOnly:0 RuntimeOnly:0 HLODRelevant:0 ListedInSceneOutliner:1 IsMainWorldOnly:0 FolderPath:Cameras FolderGuid:C06559AB4DDB9F89DC13FC998B42D5DB
 |   |   |- [+] [  7]
 |   |   |   |- Guid:6385F3D342B1050A40926B8F541E7E15 BaseClass: NativeClass:/Script/Engine.StaticMeshActor Name:StaticMeshActor_UAID_18C04D98DC58958A02_1420400472 Label:Cube3 SpatiallyLoaded:1 Bounds:IsValid=true, Min=(X=-1866.803 Y=1198.024 Z=341.065), Max=(X=3176.331 Y=1506.005 Z=451.609) RuntimeGrid:None EditorOnly:0 RuntimeOnly:0 HLODRelevant:0 ListedInSceneOutliner:1 IsMainWorldOnly:0 FolderPath:BG FolderGuid:80A1B6494AD445A072C8FD98A3F7A0DF
 |   |   |- [+] [  8]
 |   |   |   |- Guid:6AD7B5EE4BCD968C76A6ACBEEA115099 BaseClass: NativeClass:/Script/LevelSequence.LevelSequenceActor Name:LevelSequenceActor_UAID_18C04D98DC58AA8A02_1684731143 Label:LS_Kitchen SpatiallyLoaded:0 Bounds:IsValid=true, Min=(X=505.023 Y=2073.636 Z=168.023), Max=(X=505.023 Y=2073.636 Z=168.023) RuntimeGrid:None EditorOnly:0 RuntimeOnly:0 HLODRelevant:0 ListedInSceneOutliner:1 IsMainWorldOnly:0 FolderPath:Video FolderGuid:EBFE10F04210CFA66A3C4EA84622414E
 |   |   |- [+] [  9]
 |   |   |   |- Guid:6BAF4DDD444C60371492D3919DB42C97 BaseClass: NativeClass:/Script/Engine.WorldDataLayers Name:WorldDataLayers Label:WorldDataLayers SpatiallyLoaded:0 Bounds:Invalid RuntimeGrid:None EditorOnly:0 RuntimeOnly:0 HLODRelevant:0 ListedInSceneOutliner:1 IsMainWorldOnly:1 FolderPath:Lighting FolderGuid:963EC3EB4002CCE9759E2EBA541A873A
 |   |   |- [+] [ 10]
 |   |   |   |- Guid:781ADEDA4A0046D2517FA7ABFB87D7F5 BaseClass: NativeClass:/Script/CinematicCamera.CineCameraActor Name:CineCameraActor_UAID_18C04D98DC58AB8A02_2105899322 Label:Shelves SpatiallyLoaded:0 Bounds:IsValid=true, Min=(X=744.715 Y=2361.386 Z=285.053), Max=(X=744.715 Y=2361.386 Z=285.053) RuntimeGrid:None EditorOnly:0 RuntimeOnly:0 HLODRelevant:0 ListedInSceneOutliner:1 IsMainWorldOnly:0 FolderPath:Cameras FolderGuid:C06559AB4DDB9F89DC13FC998B42D5DB
 |   |   |- [+] [ 11]
 |   |   |   |- Guid:7A5F75214078E32EAEAFB5BE8F2DBAE5 BaseClass: NativeClass:/Script/CinematicCamera.CineCameraActor Name:CineCameraActor_UAID_18C04D98DC58AC8A02_1332108500 Label:Sink SpatiallyLoaded:0 Bounds:IsValid=true, Min=(X=713.825 Y=2034.221 Z=327.961), Max=(X=713.825 Y=2034.221 Z=327.961) RuntimeGrid:None EditorOnly:0 RuntimeOnly:0 HLODRelevant:0 ListedInSceneOutliner:1 IsMainWorldOnly:0 FolderPath:Cameras FolderGuid:C06559AB4DDB9F89DC13FC998B42D5DB
 |   |   |- [+] [ 12]
 |   |   |   |- Guid:8395AA964EE68A3DFE8D75A0512BFDFA BaseClass: NativeClass:/Script/CinematicCamera.CineCameraActor Name:CineCameraActor_UAID_18C04D98DC58AC8A02_1848033504 Label:Shelves3 SpatiallyLoaded:0 Bounds:IsValid=true, Min=(X=697.381 Y=2307.305 Z=300.616), Max=(X=697.381 Y=2307.305 Z=300.616) RuntimeGrid:None EditorOnly:0 RuntimeOnly:0 HLODRelevant:0 ListedInSceneOutliner:1 IsMainWorldOnly:0 FolderPath:Cameras FolderGuid:C06559AB4DDB9F89DC13FC998B42D5DB
 |   |   |- [+] [ 13]
 |   |   |   |- Guid:88D246CF4FE80956C52661AD1A166BEF BaseClass: NativeClass:/Script/CinematicCamera.CineCameraActor Name:CineCameraActor_UAID_18C04D98DC58928A02_2146021933 Label:Overall Camera SpatiallyLoaded:0 Bounds:IsValid=true, Min=(X=-368.435 Y=2770.363 Z=511.748), Max=(X=-368.435 Y=2770.363 Z=511.748) RuntimeGrid:None EditorOnly:0 RuntimeOnly:0 HLODRelevant:0 ListedInSceneOutliner:1 IsMainWorldOnly:0 FolderPath:Cameras FolderGuid:C06559AB4DDB9F89DC13FC998B42D5DB
 |   |   |- [+] [ 14]
 |   |   |   |- Guid:992228D44E34251BA3B812A5634D1B13 BaseClass: NativeClass:/Script/CinematicCamera.CineCameraActor Name:CineCameraActor_UAID_18C04D98DC58AB8A02_1753698320 Label:Plant Camera SpatiallyLoaded:0 Bounds:IsValid=true, Min=(X=718.012 Y=2063.003 Z=330.396), Max=(X=718.012 Y=2063.003 Z=330.396) RuntimeGrid:None EditorOnly:0 RuntimeOnly:0 HLODRelevant:0 ListedInSceneOutliner:1 IsMainWorldOnly:0 FolderPath:Cameras FolderGuid:C06559AB4DDB9F89DC13FC998B42D5DB
 |   |   |- [+] [ 15]
 |   |   |   |- Guid:AA146AB04E7A78CFE651AAA373EFC076 BaseClass: NativeClass:/Script/CinematicCamera.CineCameraActor Name:CineCameraActor_UAID_18C04D98DC58AC8A02_1195695499 Label:Plant Camera2 SpatiallyLoaded:0 Bounds:IsValid=true, Min=(X=818.974 Y=2036.387 Z=313.491), Max=(X=818.974 Y=2036.387 Z=313.491) RuntimeGrid:None EditorOnly:0 RuntimeOnly:0 HLODRelevant:0 ListedInSceneOutliner:1 IsMainWorldOnly:0 FolderPath:Cameras FolderGuid:C06559AB4DDB9F89DC13FC998B42D5DB
 |   |   |- [+] [ 16]
 |   |   |   |- Guid:ABF89FD64E69015196CC2698405D0CF1 BaseClass: NativeClass:/Script/Engine.StaticMeshActor Name:StaticMeshActor_UAID_18C04D98DC58958A02_1566940474 Label:Cube5 SpatiallyLoaded:1 Bounds:IsValid=true, Min=(X=2631.293 Y=-3212.396 Z=-8.329), Max=(X=7674.426 Y=6091.019 Z=-1.167) RuntimeGrid:None EditorOnly:0 RuntimeOnly:0 HLODRelevant:0 ListedInSceneOutliner:1 IsMainWorldOnly:0 FolderPath:BG FolderGuid:80A1B6494AD445A072C8FD98A3F7A0DF
 |   |   |- [+] [ 17]
 |   |   |   |- Guid:B785ED2844B84CFB91E7F39FE661CD99 BaseClass: NativeClass:/Script/Engine.DirectionalLight Name:DirectionalLight_0 Label:DirectionalLight SpatiallyLoaded:0 Bounds:Invalid RuntimeGrid:None EditorOnly:0 RuntimeOnly:0 HLODRelevant:0 ListedInSceneOutliner:1 IsMainWorldOnly:0 FolderPath:Lighting FolderGuid:963EC3EB4002CCE9759E2EBA541A873A
 |   |   |- [+] [ 18]
 |   |   |   |- Guid:B90981584A5E225BBB490BAB8C0301D1 BaseClass:/Game/BP_Kitchen.BP_Kitchen_C NativeClass:/Script/Engine.Actor Name:Kitchen_air_frayer_Blueprint_C_UAID_18C04D98DC58E28A02_1361856999 Label:BP_Kitchen SpatiallyLoaded:1 Bounds:IsValid=true, Min=(X=429.458 Y=1569.356 Z=-4.289), Max=(X=1020.145 Y=2399.392 Z=362.907) RuntimeGrid:None EditorOnly:0 RuntimeOnly:0 HLODRelevant:0 ListedInSceneOutliner:1 IsMainWorldOnly:0
 |   |   |- [+] [ 19]
 |   |   |   |- Guid:BE87C19E45D4151643F20AB83E0E4E86 BaseClass: NativeClass:/Script/AvalancheViewport.AvaViewportDataActor Name:AvaViewportDataActor_UAID_18C04D98DC58D78A02_1453982063 Label:AvaViewportDataActor SpatiallyLoaded:1 Bounds:Invalid RuntimeGrid:None EditorOnly:0 RuntimeOnly:0 HLODRelevant:0 ListedInSceneOutliner:0 IsMainWorldOnly:0
 |   |   |- [+] [ 20]
 |   |   |   |- Guid:CCFF262C46EEFFDF319E7F9539CE697E BaseClass: NativeClass:/Script/Engine.SkyAtmosphere Name:SkyAtmosphere_0 Label:SkyAtmosphere SpatiallyLoaded:0 Bounds:IsValid=true, Min=(X=0.000 Y=0.000 Z=1020.000), Max=(X=0.000 Y=0.000 Z=1020.000) RuntimeGrid:None EditorOnly:0 RuntimeOnly:0 HLODRelevant:0 ListedInSceneOutliner:1 IsMainWorldOnly:0 FolderPath:Lighting FolderGuid:963EC3EB4002CCE9759E2EBA541A873A
 |   |   |- [+] [ 21]
 |   |   |   |- Guid:CFDF18324400D8BA2CBE6591F1EE4C21 BaseClass: NativeClass:/Script/CinematicCamera.CineCameraActor Name:CineCameraActor_UAID_18C04D98DC58AC8A02_1601258502 Label:Drawings SpatiallyLoaded:0 Bounds:IsValid=true, Min=(X=833.195 Y=1823.697 Z=196.312), Max=(X=833.195 Y=1823.697 Z=196.312) RuntimeGrid:None EditorOnly:0 RuntimeOnly:0 HLODRelevant:0 ListedInSceneOutliner:1 IsMainWorldOnly:0 FolderPath:Cameras FolderGuid:C06559AB4DDB9F89DC13FC998B42D5DB
 |   |   |- [+] [ 22]
 |   |   |   |- Guid:E722E93B4CA9A1BBBD9698A38DFA619C BaseClass: NativeClass:/Script/CinematicCamera.CineCameraActor Name:CineCameraActor_UAID_18C04D98DC58AC8A02_1810160503 Label:Shelves2 SpatiallyLoaded:0 Bounds:IsValid=true, Min=(X=709.844 Y=2497.170 Z=297.915), Max=(X=709.844 Y=2497.170 Z=297.915) RuntimeGrid:None EditorOnly:0 RuntimeOnly:0 HLODRelevant:0 ListedInSceneOutliner:1 IsMainWorldOnly:0 FolderPath:Cameras FolderGuid:C06559AB4DDB9F89DC13FC998B42D5DB
 |   |   |- [+] [ 23]
 |   |   |   |- Guid:ED2704F540DB077C07169A8B8FB771C8 BaseClass: NativeClass:/Script/Engine.SpotLight Name:SpotLight_UAID_18C04D98DC58948A02_1949138294 Label:SpotLight2 SpatiallyLoaded:1 Bounds:IsValid=true, Min=(X=-7568.739 Y=314.281 Z=-11236.957), Max=(X=8927.517 Y=16810.537 Z=5259.299) RuntimeGrid:None EditorOnly:0 RuntimeOnly:0 HLODRelevant:0 ListedInSceneOutliner:1 IsMainWorldOnly:0 FolderPath:Lighting FolderGuid:963EC3EB4002CCE9759E2EBA541A873A
 |   |   |- [+] [ 24]
 |   |   |   |- Guid:F5E3FEB3450C49844FD93DA8E083C8AD BaseClass: NativeClass:/Script/Engine.PostProcessVolume Name:PostProcessVolume_0 Label:PostProcessVolume SpatiallyLoaded:0 Bounds:IsValid=true, Min=(X=0.000 Y=0.000 Z=400.000), Max=(X=200.000 Y=200.000 Z=600.000) RuntimeGrid:None EditorOnly:0 RuntimeOnly:0 HLODRelevant:0 ListedInSceneOutliner:1 IsMainWorldOnly:0 FolderPath:Lighting FolderGuid:963EC3EB4002CCE9759E2EBA541A873A
 |- ContainerInstances:
 |- [+] MainContainer:
 |   |-        ID: 00000000000000000000000000000000
 |   |-  ParentID: 00000000000000000000000000000000
 |   |-    Bounds: IsValid=false, Min=(X=0.000 Y=0.000 Z=0.000), Max=(X=0.000 Y=0.000 Z=0.000)
 |   |- Transform: 0.000000,0.000000,0.000000|0.000000,0.000000,-0.000000|1.000000,1.000000,1.000000
 |   |- Container: /Game/ThirdPerson/Maps/ThirdPersonMap
----------------------------------------------------------------------------------------------------------------
ThirdPersonMap - Persistent Level
----------------------------------------------------------------------------------------------------------------
[+] Content of ThirdPersonMap Persistent Level
 |- Always loaded Actor Count: 25 
 |- Actor Path: /Game/ThirdPerson/Maps/ThirdPersonMap.ThirdPersonMap:PersistentLevel.AvaViewportDataActor_UAID_18C04D98DC58D78A02_1453982063
 |- Actor Package: /Game/__ExternalActors__/ThirdPerson/Maps/ThirdPersonMap/1/7C/51JOFA5E572ADJNJZUV8JP
 |- Actor Path: /Game/ThirdPerson/Maps/ThirdPersonMap.ThirdPersonMap:PersistentLevel.CineCameraActor_UAID_18C04D98DC58928A02_2146021933
 |- Actor Package: /Game/__ExternalActors__/ThirdPerson/Maps/ThirdPersonMap/9/JI/CDVIP0OUV94LVWRMSENVZ9
 |- Actor Path: /Game/ThirdPerson/Maps/ThirdPersonMap.ThirdPersonMap:PersistentLevel.CineCameraActor_UAID_18C04D98DC58AB8A02_1753698320
 |- Actor Package: /Game/__ExternalActors__/ThirdPerson/Maps/ThirdPersonMap/D/P1/QWQEPPSAMT3RTQLMPUK013
 |- Actor Path: /Game/ThirdPerson/Maps/ThirdPersonMap.ThirdPersonMap:PersistentLevel.CineCameraActor_UAID_18C04D98DC58AB8A02_1901245321
 |- Actor Package: /Game/__ExternalActors__/ThirdPerson/Maps/ThirdPersonMap/4/OB/6QZ7XEPHOFQB5LAETDF87P
 |- Actor Path: /Game/ThirdPerson/Maps/ThirdPersonMap.ThirdPersonMap:PersistentLevel.CineCameraActor_UAID_18C04D98DC58AB8A02_2105899322
 |- Actor Package: /Game/__ExternalActors__/ThirdPerson/Maps/ThirdPersonMap/B/RC/5I8PCWKZKCZFZ6FLU3HHIZ
 |- Actor Path: /Game/ThirdPerson/Maps/ThirdPersonMap.ThirdPersonMap:PersistentLevel.CineCameraActor_UAID_18C04D98DC58AC8A02_1195695499
 |- Actor Package: /Game/__ExternalActors__/ThirdPerson/Maps/ThirdPersonMap/2/Z6/2XYUWJR8RX9OU3QAH1DKYW
 |- Actor Path: /Game/ThirdPerson/Maps/ThirdPersonMap.ThirdPersonMap:PersistentLevel.CineCameraActor_UAID_18C04D98DC58AC8A02_1332108500
 |- Actor Package: /Game/__ExternalActors__/ThirdPerson/Maps/ThirdPersonMap/6/EY/34YGKNXAA5E8ZG0XB5UT1D
 |- Actor Path: /Game/ThirdPerson/Maps/ThirdPersonMap.ThirdPersonMap:PersistentLevel.CineCameraActor_UAID_18C04D98DC58AC8A02_1472506501
 |- Actor Package: /Game/__ExternalActors__/ThirdPerson/Maps/ThirdPersonMap/3/K8/OP08TABTTA12WGUTSSHJ77
 |- Actor Path: /Game/ThirdPerson/Maps/ThirdPersonMap.ThirdPersonMap:PersistentLevel.CineCameraActor_UAID_18C04D98DC58AC8A02_1601258502
 |- Actor Package: /Game/__ExternalActors__/ThirdPerson/Maps/ThirdPersonMap/E/Y8/F6W12ZXV1SY6M1I8R6L7L5
 |- Actor Path: /Game/ThirdPerson/Maps/ThirdPersonMap.ThirdPersonMap:PersistentLevel.CineCameraActor_UAID_18C04D98DC58AC8A02_1810160503
 |- Actor Package: /Game/__ExternalActors__/ThirdPerson/Maps/ThirdPersonMap/6/DD/L7CF3LMCM01ZLTTSHI40DB
 |- Actor Path: /Game/ThirdPerson/Maps/ThirdPersonMap.ThirdPersonMap:PersistentLevel.CineCameraActor_UAID_18C04D98DC58AC8A02_1848033504
 |- Actor Package: /Game/__ExternalActors__/ThirdPerson/Maps/ThirdPersonMap/5/OD/Z8M71RPTG67W34RE6JU1AQ
 |- Actor Path: /Game/ThirdPerson/Maps/ThirdPersonMap.ThirdPersonMap:PersistentLevel.DirectionalLight_0
 |- Actor Package: /Game/__ExternalActors__/ThirdPerson/Maps/ThirdPersonMap/5/R1/TS5OQ5CRUWFZYL1ZQ7I416
 |- Actor Path: /Game/ThirdPerson/Maps/ThirdPersonMap.ThirdPersonMap:PersistentLevel.ExponentialHeightFog_UAID_18C04D98DC58948A02_1787176293
 |- Actor Package: /Game/__ExternalActors__/ThirdPerson/Maps/ThirdPersonMap/6/7C/NVGC35IULI4MQRNT3BCECD
 |- Actor Path: /Game/ThirdPerson/Maps/ThirdPersonMap.ThirdPersonMap:PersistentLevel.Kitchen_air_frayer_Blueprint_C_UAID_18C04D98DC58E28A02_1361856999
 |- Actor Package: /Game/__ExternalActors__/ThirdPerson/Maps/ThirdPersonMap/E/X2/D97EMIMK85PJDLE6SD7MYJ
 |- Actor Path: /Game/ThirdPerson/Maps/ThirdPersonMap.ThirdPersonMap:PersistentLevel.LevelSequenceActor_UAID_18C04D98DC58AA8A02_1684731143
 |- Actor Package: /Game/__ExternalActors__/ThirdPerson/Maps/ThirdPersonMap/9/ON/TD7FAKUBKCSRXG2X548ANW
 |- Actor Path: /Game/ThirdPerson/Maps/ThirdPersonMap.ThirdPersonMap:PersistentLevel.PlayerStart_0
 |- Actor Package: /Game/__ExternalActors__/ThirdPerson/Maps/ThirdPersonMap/D/DE/SWSI13675DVYIZ0N4NF7Y3
 |- Actor Path: /Game/ThirdPerson/Maps/ThirdPersonMap.ThirdPersonMap:PersistentLevel.PostProcessVolume_0
 |- Actor Package: /Game/__ExternalActors__/ThirdPerson/Maps/ThirdPersonMap/1/AZ/A7GPT109Y6ZTTJD4A7TXER
 |- Actor Path: /Game/ThirdPerson/Maps/ThirdPersonMap.ThirdPersonMap:PersistentLevel.SkyAtmosphere_0
 |- Actor Package: /Game/__ExternalActors__/ThirdPerson/Maps/ThirdPersonMap/4/LN/30UBDLYFFA5ZR7U4W4L4GG
 |- Actor Path: /Game/ThirdPerson/Maps/ThirdPersonMap.ThirdPersonMap:PersistentLevel.SkyLight_1
 |- Actor Package: /Game/__ExternalActors__/ThirdPerson/Maps/ThirdPersonMap/8/S1/DXUWD12MD3HRWVVXX076BY
 |- Actor Path: /Game/ThirdPerson/Maps/ThirdPersonMap.ThirdPersonMap:PersistentLevel.SpotLight_UAID_18C04D98DC58948A02_1949138294
 |- Actor Package: /Game/__ExternalActors__/ThirdPerson/Maps/ThirdPersonMap/A/ZH/3FDU6XBP8M0BXPKV146WRA
 |- Actor Path: /Game/ThirdPerson/Maps/ThirdPersonMap.ThirdPersonMap:PersistentLevel.StaticMeshActor_UAID_18C04D98DC58958A02_1420400472
 |- Actor Package: /Game/__ExternalActors__/ThirdPerson/Maps/ThirdPersonMap/A/59/NPLZ2AG8HE514VFB3CXC2X
 |- Actor Path: /Game/ThirdPerson/Maps/ThirdPersonMap.ThirdPersonMap:PersistentLevel.StaticMeshActor_UAID_18C04D98DC58958A02_1451863473
 |- Actor Package: /Game/__ExternalActors__/ThirdPerson/Maps/ThirdPersonMap/E/CQ/K250K4167IN0A8LO5X0VQU
 |- Actor Path: /Game/ThirdPerson/Maps/ThirdPersonMap.ThirdPersonMap:PersistentLevel.StaticMeshActor_UAID_18C04D98DC58958A02_1566940474
 |- Actor Package: /Game/__ExternalActors__/ThirdPerson/Maps/ThirdPersonMap/3/BN/LXMU3MPIQQB8JQTHBDGLB6
 |- Actor Path: /Game/ThirdPerson/Maps/ThirdPersonMap.ThirdPersonMap:PersistentLevel.StaticMeshActor_UAID_18C04D98DC58958A02_1971864476
 |- Actor Package: /Game/__ExternalActors__/ThirdPerson/Maps/ThirdPersonMap/E/MT/2KYN1JKNAK6URIVHC8FQQN
 |- Actor Path: /Game/ThirdPerson/Maps/ThirdPersonMap.ThirdPersonMap:PersistentLevel.WorldDataLayers
 |- Actor Package: /Game/__ExternalActors__/ThirdPerson/Maps/ThirdPersonMap/0/43/HYQWORMY4JDQ5X3OKZXFLC

----------------------------------------------------------------------------------------------------------------
ThirdPersonMap - Runtime Hash Set
----------------------------------------------------------------------------------------------------------------

